<?xml version="1.0" encoding="UTF-8"?>
<!-- Generated by org.testng.reporters.JUnitReportReporter -->
<testsuite hostname="DESKTOP-UUR6U1P" failures="0" tests="1" name="com.bankingprojhybridfw.HomePageTest" time="49.618" errors="0" timestamp="2023-02-01T23:06:20 IST" skipped="0">
  <testcase classname="com.bankingprojhybridfw.HomePageTest" name="testGetCredentials" time="49.618"/>
  <system-out/>
</testsuite> <!-- com.bankingprojhybridfw.HomePageTest -->
