<?xml version="1.0" encoding="UTF-8"?>
<!-- Generated by org.testng.reporters.JUnitReportReporter -->
<testsuite hostname="DESKTOP-UUR6U1P" failures="0" tests="4" name="com.bankingprojhybridfw.TestTrial" time="0.063" errors="0" timestamp="2023-02-04T00:50:42 IST" skipped="0">
  <testcase classname="com.bankingprojhybridfw.TestTrial" name="testZ" time="0.039"/>
  <system-out/>
  <testcase classname="com.bankingprojhybridfw.TestTrial" name="testA" time="0.007"/>
  <system-out/>
  <testcase classname="com.bankingprojhybridfw.TestTrial" name="testF" time="0.009"/>
  <system-out/>
  <testcase classname="com.bankingprojhybridfw.TestTrial" name="testB" time="0.008"/>
  <system-out/>
</testsuite> <!-- com.bankingprojhybridfw.TestTrial -->
