<?xml version="1.0" encoding="UTF-8"?>
<!-- Generated by org.testng.reporters.JUnitReportReporter -->
<testsuite hostname="DESKTOP-UUR6U1P" failures="0" tests="7" name="com.bankingprojhybridfw.LoginPageTest" time="52.640" errors="0" timestamp="2023-02-01T22:43:42 IST" skipped="0">
  <testcase classname="com.bankingprojhybridfw.LoginPageTest" name="testTitle" time="1.502"/>
  <system-out/>
  <testcase classname="com.bankingprojhybridfw.LoginPageTest" name="testUrl" time="0.056"/>
  <system-out/>
  <testcase classname="com.bankingprojhybridfw.LoginPageTest" name="testBlankCrediantials" time="1.194"/>
  <system-out/>
  <testcase classname="com.bankingprojhybridfw.LoginPageTest" name="testResetButton" time="1.133"/>
  <system-out/>
  <testcase classname="com.bankingprojhybridfw.LoginPageTest" name="testResetButton" time="1.176"/>
  <system-out/>
  <testcase classname="com.bankingprojhybridfw.LoginPageTest" name="testResetButton" time="2.388"/>
  <system-out/>
  <testcase classname="com.bankingprojhybridfw.LoginPageTest" name="testLoginButton" time="45.191"/>
  <system-out/>
</testsuite> <!-- com.bankingprojhybridfw.LoginPageTest -->
